# JRE version: OpenJDK Runtime Environment (8.0_152-b02) (build 1.8.0_152-release-1024-b02)
# Java VM: OpenJDK 64-Bit Server VM (25.152-b02 mixed mode windows-amd64 compressed oops)
Heap:
 PSYoungGen      total 321024K, used 312460K [0x00000000e0000000, 0x00000000fb500000, 0x0000000100000000)
  eden space 290304K, 100% used [0x00000000e0000000,0x00000000f1b80000,0x00000000f1b80000)
  from space 30720K, 72% used [0x00000000f1b80000,0x00000000f3123258,0x00000000f3980000)
  to   space 31744K, 69% used [0x00000000f9600000,0x00000000fab84018,0x00000000fb500000)
 ParOldGen       total 521216K, used 388652K [0x00000000a0000000, 0x00000000bfd00000, 0x00000000e0000000)
  object space 521216K, 74% used [0x00000000a0000000,0x00000000b7b8b3e0,0x00000000bfd00000)
 Metaspace       used 72536K, capacity 75456K, committed 75736K, reserved 1114112K
  class space    used 9566K, capacity 10159K, committed 10240K, reserved 1048576K
GC Heap History (10 events):
Event: 41.240 GC heap after
Heap after GC invocations=10 (full 2):
 PSYoungGen      total 257024K, used 20677K [0x00000000e0000000, 0x00000000f2d00000, 0x0000000100000000)
  eden space 232960K, 0% used [0x00000000e0000000,0x00000000e0000000,0x00000000ee380000)
  from space 24064K, 85% used [0x00000000efd80000,0x00000000f11b1530,0x00000000f1500000)
  to   space 26624K, 0% used [0x00000000ee380000,0x00000000ee380000,0x00000000efd80000)
 ParOldGen       total 119296K, used 26818K [0x00000000a0000000, 0x00000000a7480000, 0x00000000e0000000)
  object space 119296K, 22% used [0x00000000a0000000,0x00000000a1a30ac8,0x00000000a7480000)
 Metaspace       used 57267K, capacity 58928K, committed 59028K, reserved 1099776K
  class space    used 7790K, capacity 8181K, committed 8192K, reserved 1048576K
}
Event: 41.240 GC heap before
{Heap before GC invocations=11 (full 3):
 PSYoungGen      total 257024K, used 20677K [0x00000000e0000000, 0x00000000f2d00000, 0x0000000100000000)
  eden space 232960K, 0% used [0x00000000e0000000,0x00000000e0000000,0x00000000ee380000)
  from space 24064K, 85% used [0x00000000efd80000,0x00000000f11b1530,0x00000000f1500000)
  to   space 26624K, 0% used [0x00000000ee380000,0x00000000ee380000,0x00000000efd80000)
 ParOldGen       total 119296K, used 26818K [0x00000000a0000000, 0x00000000a7480000, 0x00000000e0000000)
  object space 119296K, 22% used [0x00000000a0000000,0x00000000a1a30ac8,0x00000000a7480000)
 Metaspace       used 57267K, capacity 58928K, committed 59028K, reserved 1099776K
  class space    used 7790K, capacity 8181K, committed 8192K, reserved 1048576K
Event: 41.530 GC heap after
Heap after GC invocations=11 (full 3):
 PSYoungGen      total 257024K, used 0K [0x00000000e0000000, 0x00000000f2d00000, 0x0000000100000000)
  eden space 232960K, 0% used [0x00000000e0000000,0x00000000e0000000,0x00000000ee380000)
  from space 24064K, 0% used [0x00000000efd80000,0x00000000efd80000,0x00000000f1500000)
  to   space 26624K, 0% used [0x00000000ee380000,0x00000000ee380000,0x00000000efd80000)
 ParOldGen       total 166912K, used 34369K [0x00000000a0000000, 0x00000000aa300000, 0x00000000e0000000)
  object space 166912K, 20% used [0x00000000a0000000,0x00000000a2190538,0x00000000aa300000)
 Metaspace       used 57267K, capacity 58928K, committed 59028K, reserved 1099776K
  class space    used 7790K, capacity 8181K, committed 8192K, reserved 1048576K
}
Event: 54.249 GC heap before
{Heap before GC invocations=12 (full 3):
 PSYoungGen      total 257024K, used 232960K [0x00000000e0000000, 0x00000000f2d00000, 0x0000000100000000)
  eden space 232960K, 100% used [0x00000000e0000000,0x00000000ee380000,0x00000000ee380000)
  from space 24064K, 0% used [0x00000000efd80000,0x00000000efd80000,0x00000000f1500000)
  to   space 26624K, 0% used [0x00000000ee380000,0x00000000ee380000,0x00000000efd80000)
 ParOldGen       total 166912K, used 34369K [0x00000000a0000000, 0x00000000aa300000, 0x00000000e0000000)
  object space 166912K, 20% used [0x00000000a0000000,0x00000000a2190538,0x00000000aa300000)
 Metaspace       used 69356K, capacity 71886K, committed 72024K, reserved 1112064K
  class space    used 9265K, capacity 9812K, committed 9856K, reserved 1048576K
Event: 54.312 GC heap after
Heap after GC invocations=12 (full 3):
 PSYoungGen      total 259584K, used 24924K [0x00000000e0000000, 0x00000000f5680000, 0x0000000100000000)
  eden space 232960K, 0% used [0x00000000e0000000,0x00000000e0000000,0x00000000ee380000)
  from space 26624K, 93% used [0x00000000ee380000,0x00000000efbd7118,0x00000000efd80000)
  to   space 29696K, 0% used [0x00000000f3980000,0x00000000f3980000,0x00000000f5680000)
 ParOldGen       total 166912K, used 34385K [0x00000000a0000000, 0x00000000aa300000, 0x00000000e0000000)
  object space 166912K, 20% used [0x00000000a0000000,0x00000000a2194538,0x00000000aa300000)
 Metaspace       used 69356K, capacity 71886K, committed 72024K, reserved 1112064K
  class space    used 9265K, capacity 9812K, committed 9856K, reserved 1048576K
}
Event: 57.182 GC heap before
{Heap before GC invocations=13 (full 3):
 PSYoungGen      total 259584K, used 257884K [0x00000000e0000000, 0x00000000f5680000, 0x0000000100000000)
  eden space 232960K, 100% used [0x00000000e0000000,0x00000000ee380000,0x00000000ee380000)
  from space 26624K, 93% used [0x00000000ee380000,0x00000000efbd7118,0x00000000efd80000)
  to   space 29696K, 0% used [0x00000000f3980000,0x00000000f3980000,0x00000000f5680000)
 ParOldGen       total 166912K, used 34385K [0x00000000a0000000, 0x00000000aa300000, 0x00000000e0000000)
  object space 166912K, 20% used [0x00000000a0000000,0x00000000a2194538,0x00000000aa300000)
 Metaspace       used 71063K, capacity 73640K, committed 73816K, reserved 1114112K
  class space    used 9446K, capacity 10023K, committed 10112K, reserved 1048576K
Event: 57.291 GC heap after
Heap after GC invocations=13 (full 3):
 PSYoungGen      total 320000K, used 20814K [0x00000000e0000000, 0x00000000f6780000, 0x0000000100000000)
  eden space 290304K, 0% used [0x00000000e0000000,0x00000000e0000000,0x00000000f1b80000)
  from space 29696K, 70% used [0x00000000f3980000,0x00000000f4dd3958,0x00000000f5680000)
  to   space 30720K, 0% used [0x00000000f1b80000,0x00000000f1b80000,0x00000000f3980000)
 ParOldGen       total 166912K, used 34393K [0x00000000a0000000, 0x00000000aa300000, 0x00000000e0000000)
  object space 166912K, 20% used [0x00000000a0000000,0x00000000a2196538,0x00000000aa300000)
 Metaspace       used 71063K, capacity 73640K, committed 73816K, reserved 1114112K
  class space    used 9446K, capacity 10023K, committed 10112K, reserved 1048576K
}
Event: 59.692 GC heap before
{Heap before GC invocations=14 (full 3):
 PSYoungGen      total 320000K, used 311118K [0x00000000e0000000, 0x00000000f6780000, 0x0000000100000000)
  eden space 290304K, 100% used [0x00000000e0000000,0x00000000f1b80000,0x00000000f1b80000)
  from space 29696K, 70% used [0x00000000f3980000,0x00000000f4dd3958,0x00000000f5680000)
  to   space 30720K, 0% used [0x00000000f1b80000,0x00000000f1b80000,0x00000000f3980000)
 ParOldGen       total 166912K, used 34393K [0x00000000a0000000, 0x00000000aa300000, 0x00000000e0000000)
  object space 166912K, 20% used [0x00000000a0000000,0x00000000a2196538,0x00000000aa300000)
 Metaspace       used 72464K, capacity 75384K, committed 75480K, reserved 1114112K
  class space    used 9563K, capacity 10159K, committed 10240K, reserved 1048576K
Event: 59.742 GC heap after
Heap after GC invocations=14 (full 3):
 PSYoungGen      total 321024K, used 22156K [0x00000000e0000000, 0x00000000fb500000, 0x0000000100000000)
  eden space 290304K, 0% used [0x00000000e0000000,0x00000000e0000000,0x00000000f1b80000)
  from space 30720K, 72% used [0x00000000f1b80000,0x00000000f3123258,0x00000000f3980000)
  to   space 31744K, 0% used [0x00000000f9600000,0x00000000f9600000,0x00000000fb500000)
 ParOldGen       total 166912K, used 34401K [0x00000000a0000000, 0x00000000aa300000, 0x00000000e0000000)
  object space 166912K, 20% used [0x00000000a0000000,0x00000000a2198538,0x00000000aa300000)
 Metaspace       used 72464K, capacity 75384K, committed 75480K, reserved 1114112K
  class space    used 9563K, capacity 10159K, committed 10240K, reserved 1048576K
}
Event: 61.229 GC heap before
{Heap before GC invocations=15 (full 3):
 PSYoungGen      total 321024K, used 312460K [0x00000000e0000000, 0x00000000fb500000, 0x0000000100000000)
  eden space 290304K, 100% used [0x00000000e0000000,0x00000000f1b80000,0x00000000f1b80000)
  from space 30720K, 72% used [0x00000000f1b80000,0x00000000f3123258,0x00000000f3980000)
  to   space 31744K, 0% used [0x00000000f9600000,0x00000000f9600000,0x00000000fb500000)
 ParOldGen       total 166912K, used 34401K [0x00000000a0000000, 0x00000000aa300000, 0x00000000e0000000)
  object space 166912K, 20% used [0x00000000a0000000,0x00000000a2198538,0x00000000aa300000)
 Metaspace       used 72536K, capacity 75456K, committed 75736K, reserved 1114112K
  class space    used 9566K, capacity 10159K, committed 10240K, reserved 1048576K

